2024-05-01 22:26:34.6948 INFO Application started. Press Ctrl+C to shut down. 
2024-05-01 22:26:34.7492 INFO Hosting environment: Development 
2024-05-01 22:26:34.7492 INFO Content root path: E:\Repository Pattern\repository-pattern-crud\cricket-teams 
2024-05-01 22:26:40.7895 INFO Executed DbCommand (17ms) [Parameters=[], CommandType='Text', CommandTimeout='30']
SELECT c.teamid, c.captain, c.coach, c.logoimage, c.teamname
FROM "CricketTeams" AS c 
2024-05-01 22:28:56.9943 INFO Application started. Press Ctrl+C to shut down. 
2024-05-01 22:28:57.0378 INFO Hosting environment: Development 
2024-05-01 22:28:57.0378 INFO Content root path: E:\Repository Pattern\repository-pattern-crud\cricket-teams 
2024-05-01 22:29:09.1247 INFO Executed DbCommand (17ms) [Parameters=[], CommandType='Text', CommandTimeout='30']
SELECT c.teamid, c.captain, c.coach, c.logoimage, c.teamname
FROM "CricketTeams" AS c 
2024-05-01 22:29:09.2124 ERROR Fetch all teams succesfully. 
2024-05-01 22:34:51.9654 INFO Application started. Press Ctrl+C to shut down. 
2024-05-01 22:34:52.0147 INFO Hosting environment: Development 
2024-05-01 22:34:52.0147 INFO Content root path: E:\Repository Pattern\repository-pattern-crud\cricket-teams 
2024-05-01 22:35:02.3155 INFO Executed DbCommand (17ms) [Parameters=[], CommandType='Text', CommandTimeout='30']
SELECT c.teamid, c.captain, c.coach, c.logoimage, c.teamname
FROM "CricketTeams" AS c 
2024-05-01 22:35:05.0598 INFO Fetched teams. System.Collections.Generic.List`1[cricket_teams.CricketTeam] 
2024-05-01 22:36:02.4606 INFO Executed DbCommand (13ms) [Parameters=[], CommandType='Text', CommandTimeout='30']
SELECT c.teamid, c.captain, c.coach, c.logoimage, c.teamname
FROM "CricketTeams" AS c 
2024-05-01 22:36:02.4606 INFO Fetched teams. System.Collections.Generic.List`1[cricket_teams.CricketTeam] 
